Usage getJournee.sh <date> au format JJMMSSAA
Execution avec la date du jourdate jour
date jour= 04032017
pwd= /home/guillaume/Codiad/workspace/scrapping/moteur
***Recuperation journee  04032017
getPage exit fine!
*** Crawl journee  04032017
0: crawlReunion.js
1: 04032017
Status: success
Jquery injected: 
Preparation get course
Vous pouvez lancer le script : runCrawlCourses.sh maintenant 
*** insertion en base 
0: /usr/bin/nodejs
1: /home/guillaume/Codiad/workspace/scrapping/moteur/insertDB.js
2: ./04032017/data/04032017.json
3: ../storage/reunions
doc inserted
*** run Crawl courses
warning: commands will be executed using /bin/sh
job 3103 at Sat Mar  4 16:28:00 2017
warning: commands will be executed using /bin/sh
job 3104 at Sat Mar  4 16:45:00 2017
warning: commands will be executed using /bin/sh
job 3105 at Sat Mar  4 16:58:00 2017
warning: commands will be executed using /bin/sh
job 3106 at Sat Mar  4 17:15:00 2017
warning: commands will be executed using /bin/sh
job 3107 at Sat Mar  4 15:28:00 2017
warning: commands will be executed using /bin/sh
job 3108 at Sat Mar  4 15:45:00 2017
warning: commands will be executed using /bin/sh
job 3109 at Sat Mar  4 12:43:00 2017
warning: commands will be executed using /bin/sh
job 3110 at Sat Mar  4 13:00:00 2017
warning: commands will be executed using /bin/sh
job 3111 at Sat Mar  4 14:28:00 2017
warning: commands will be executed using /bin/sh
job 3112 at Sat Mar  4 14:45:00 2017
warning: commands will be executed using /bin/sh
job 3113 at Sat Mar  4 18:43:00 2017
warning: commands will be executed using /bin/sh
job 3114 at Sat Mar  4 19:00:00 2017
warning: commands will be executed using /bin/sh
job 3115 at Sat Mar  4 19:13:00 2017
warning: commands will be executed using /bin/sh
job 3116 at Sat Mar  4 19:30:00 2017
warning: commands will be executed using /bin/sh
job 3117 at Sat Mar  4 13:08:00 2017
warning: commands will be executed using /bin/sh
job 3118 at Sat Mar  4 13:25:00 2017
warning: commands will be executed using /bin/sh
job 3119 at Sat Mar  4 21:13:00 2017
warning: commands will be executed using /bin/sh
job 3120 at Sat Mar  4 21:30:00 2017
warning: commands will be executed using /bin/sh
job 3121 at Sat Mar  4 17:43:00 2017
warning: commands will be executed using /bin/sh
job 3122 at Sat Mar  4 18:00:00 2017
warning: commands will be executed using /bin/sh
job 3123 at Sat Mar  4 20:43:00 2017
warning: commands will be executed using /bin/sh
job 3124 at Sat Mar  4 21:00:00 2017
warning: commands will be executed using /bin/sh
job 3125 at Sat Mar  4 21:43:00 2017
warning: commands will be executed using /bin/sh
job 3126 at Sat Mar  4 22:00:00 2017
warning: commands will be executed using /bin/sh
job 3127 at Sat Mar  4 14:43:00 2017
warning: commands will be executed using /bin/sh
job 3128 at Sat Mar  4 15:00:00 2017
warning: commands will be executed using /bin/sh
job 3129 at Sat Mar  4 13:21:00 2017
warning: commands will be executed using /bin/sh
job 3130 at Sat Mar  4 13:38:00 2017
warning: commands will be executed using /bin/sh
job 3131 at Sat Mar  4 16:13:00 2017
warning: commands will be executed using /bin/sh
job 3132 at Sat Mar  4 16:30:00 2017
warning: commands will be executed using /bin/sh
job 3133 at Sat Mar  4 11:43:00 2017
warning: commands will be executed using /bin/sh
job 3134 at Sat Mar  4 12:00:00 2017
warning: commands will be executed using /bin/sh
job 3135 at Sat Mar  4 17:28:00 2017
warning: commands will be executed using /bin/sh
job 3136 at Sat Mar  4 17:45:00 2017
warning: commands will be executed using /bin/sh
job 3137 at Sat Mar  4 14:08:00 2017
warning: commands will be executed using /bin/sh
job 3138 at Sat Mar  4 14:25:00 2017
warning: commands will be executed using /bin/sh
job 3139 at Sat Mar  4 14:28:00 2017
warning: commands will be executed using /bin/sh
job 3140 at Sat Mar  4 14:45:00 2017
warning: commands will be executed using /bin/sh
job 3141 at Sat Mar  4 12:13:00 2017
warning: commands will be executed using /bin/sh
job 3142 at Sat Mar  4 12:30:00 2017
warning: commands will be executed using /bin/sh
job 3143 at Sat Mar  4 17:28:00 2017
warning: commands will be executed using /bin/sh
job 3144 at Sat Mar  4 17:45:00 2017
warning: commands will be executed using /bin/sh
job 3145 at Sat Mar  4 15:43:00 2017
warning: commands will be executed using /bin/sh
job 3146 at Sat Mar  4 16:00:00 2017
warning: commands will be executed using /bin/sh
job 3147 at Sat Mar  4 19:58:00 2017
warning: commands will be executed using /bin/sh
job 3148 at Sat Mar  4 20:15:00 2017
warning: commands will be executed using /bin/sh
job 3149 at Sat Mar  4 14:58:00 2017
warning: commands will be executed using /bin/sh
job 3150 at Sat Mar  4 15:15:00 2017
warning: commands will be executed using /bin/sh
job 3151 at Sat Mar  4 18:13:00 2017
warning: commands will be executed using /bin/sh
job 3152 at Sat Mar  4 18:30:00 2017
warning: commands will be executed using /bin/sh
job 3153 at Sat Mar  4 15:58:00 2017
warning: commands will be executed using /bin/sh
job 3154 at Sat Mar  4 16:15:00 2017
warning: commands will be executed using /bin/sh
job 3155 at Sat Mar  4 17:58:00 2017
warning: commands will be executed using /bin/sh
job 3156 at Sat Mar  4 18:15:00 2017
warning: commands will be executed using /bin/sh
job 3157 at Sat Mar  4 19:28:00 2017
warning: commands will be executed using /bin/sh
job 3158 at Sat Mar  4 19:45:00 2017
warning: commands will be executed using /bin/sh
job 3159 at Sat Mar  4 17:58:00 2017
warning: commands will be executed using /bin/sh
job 3160 at Sat Mar  4 18:15:00 2017
warning: commands will be executed using /bin/sh
job 3161 at Sat Mar  4 18:28:00 2017
warning: commands will be executed using /bin/sh
job 3162 at Sat Mar  4 18:45:00 2017
warning: commands will be executed using /bin/sh
job 3163 at Sat Mar  4 19:43:00 2017
warning: commands will be executed using /bin/sh
job 3164 at Sat Mar  4 20:00:00 2017
warning: commands will be executed using /bin/sh
job 3165 at Sat Mar  4 15:18:00 2017
warning: commands will be executed using /bin/sh
job 3166 at Sat Mar  4 15:35:00 2017
warning: commands will be executed using /bin/sh
job 3167 at Sat Mar  4 16:58:00 2017
warning: commands will be executed using /bin/sh
job 3168 at Sat Mar  4 17:15:00 2017
warning: commands will be executed using /bin/sh
job 3169 at Sat Mar  4 13:33:00 2017
warning: commands will be executed using /bin/sh
job 3170 at Sat Mar  4 13:50:00 2017
warning: commands will be executed using /bin/sh
job 3171 at Sat Mar  4 17:13:00 2017
warning: commands will be executed using /bin/sh
job 3172 at Sat Mar  4 17:30:00 2017
warning: commands will be executed using /bin/sh
job 3173 at Sat Mar  4 12:58:00 2017
warning: commands will be executed using /bin/sh
job 3174 at Sat Mar  4 13:15:00 2017
warning: commands will be executed using /bin/sh
job 3175 at Sat Mar  4 20:28:00 2017
warning: commands will be executed using /bin/sh
job 3176 at Sat Mar  4 20:45:00 2017
warning: commands will be executed using /bin/sh
job 3177 at Sat Mar  4 15:13:00 2017
warning: commands will be executed using /bin/sh
job 3178 at Sat Mar  4 15:30:00 2017
warning: commands will be executed using /bin/sh
job 3179 at Sat Mar  4 20:13:00 2017
warning: commands will be executed using /bin/sh
job 3180 at Sat Mar  4 20:30:00 2017
warning: commands will be executed using /bin/sh
job 3181 at Sat Mar  4 15:53:00 2017
warning: commands will be executed using /bin/sh
job 3182 at Sat Mar  4 16:10:00 2017
warning: commands will be executed using /bin/sh
job 3183 at Sat Mar  4 11:13:00 2017
warning: commands will be executed using /bin/sh
job 3184 at Sat Mar  4 11:30:00 2017
warning: commands will be executed using /bin/sh
job 3185 at Sat Mar  4 13:53:00 2017
warning: commands will be executed using /bin/sh
job 3186 at Sat Mar  4 14:10:00 2017
warning: commands will be executed using /bin/sh
job 3187 at Sat Mar  4 16:28:00 2017
warning: commands will be executed using /bin/sh
job 3188 at Sat Mar  4 16:45:00 2017
warning: commands will be executed using /bin/sh
job 3189 at Sat Mar  4 16:43:00 2017
warning: commands will be executed using /bin/sh
job 3190 at Sat Mar  4 17:00:00 2017
warning: commands will be executed using /bin/sh
job 3191 at Sat Mar  4 18:58:00 2017
warning: commands will be executed using /bin/sh
job 3192 at Sat Mar  4 19:15:00 2017
warning: commands will be executed using /bin/sh
job 3193 at Sun Mar  5 09:30:00 2017
DB.js
2: ./04032017/data/R6C5.json
3: ../storage/courses
doc inserted
getPage exit fine!

*** CrawlCourse ***
0: /usr/bin/nodejs
1: /home/guillaume/Codiad/workspace/scrapping/moteur/insertDB.js
2: ./04032017/data/R6C6.json
3: ../storage/courses
doc inserted
getPage exit fine!

*** CrawlCourse ***
0: /usr/bin/nodejs
1: /home/guillaume/Codiad/workspace/scrapping/moteur/insertDB.js
2: ./04032017/data/R6C7.json
3: ../storage/courses
doc inserted
getPage exit fine!

*** CrawlCourse ***
0: /usr/bin/nodejs
1: /home/guillaume/Codiad/workspace/scrapping/moteur/insertDB.js
2: ./04032017/data/R6C8.json
3: ../storage/courses
doc inserted
 
 
 *** buildPlannif *** 
0: /usr/bin/nodejs
1: /home/guillaume/Codiad/workspace/scrapping/moteur/buildPlannif.js
2: 04032017
course N° R6C5
course N° R6C6
course N° R6C3
course N° R2C4
course N° R1C3
course N° R5C2
course N° R5C3
course N° R2C5
course N° R5C7
course N° R1C9
course N° R5C6
course N° R5C8
course N° R3C4
course N° R1C1
course N° R1C6
course N° R2C2
course N° R6C7
course N° R3C3
course N° R6C1
course N° R2C3
course N° R4C2
course N° R1C5
course N° R4C7
course N° R6C2
course N° R5C1
course N° R6C4
course N° R6C8
course N° R4C6
course N° R4C3
course N° R4C4
course N° R5C4
course N° R3C5
course N° R4C1
course N° R3C2
course N° R1C8
course N° R3C1
course N° R4C8
course N° R1C4
course N° R5C5
course N° R3C6
course N° R2C1
course N° R1C2
course N° R3C7
course N° R1C7
course N° R4C5
3120	Sat Mar  4 21:30:00 2017 a guillaume
3179	Sat Mar  4 20:13:00 2017 a guillaume
3136	Sat Mar  4 17:45:00 2017 a guillaume
3127	Sat Mar  4 14:43:00 2017 a guillaume
3112	Sat Mar  4 14:45:00 2017 a guillaume
3141	Sat Mar  4 12:13:00 2017 a guillaume
3159	Sat Mar  4 17:58:00 2017 a guillaume
3109	Sat Mar  4 12:43:00 2017 a guillaume
3186	Sat Mar  4 14:10:00 2017 a guillaume
3107	Sat Mar  4 15:28:00 2017 a guillaume
3192	Sat Mar  4 19:15:00 2017 a guillaume
3185	Sat Mar  4 13:53:00 2017 a guillaume
3143	Sat Mar  4 17:28:00 2017 a guillaume
3134	Sat Mar  4 12:00:00 2017 a guillaume
3166	Sat Mar  4 15:35:00 2017 a guillaume
3139	Sat Mar  4 14:28:00 2017 a guillaume
3105	Sat Mar  4 16:58:00 2017 a guillaume
3133	Sat Mar  4 11:43:00 2017 a guillaume
3146	Sat Mar  4 16:00:00 2017 a guillaume
3135	Sat Mar  4 17:28:00 2017 a guillaume
3176	Sat Mar  4 20:45:00 2017 a guillaume
3165	Sat Mar  4 15:18:00 2017 a guillaume
3144	Sat Mar  4 17:45:00 2017 a guillaume
3103	Sat Mar  4 16:28:00 2017 a guillaume
3118	Sat Mar  4 13:25:00 2017 a guillaume
3168	Sat Mar  4 17:15:00 2017 a guillaume
3180	Sat Mar  4 20:30:00 2017 a guillaume
3183	Sat Mar  4 11:13:00 2017 a guillaume
3129	Sat Mar  4 13:21:00 2017 a guillaume
3178	Sat Mar  4 15:30:00 2017 a guillaume
3114	Sat Mar  4 19:00:00 2017 a guillaume
3117	Sat Mar  4 13:08:00 2017 a guillaume
3121	Sat Mar  4 17:43:00 2017 a guillaume
3171	Sat Mar  4 17:13:00 2017 a guillaume
3155	Sat Mar  4 17:58:00 2017 a guillaume
3161	Sat Mar  4 18:28:00 2017 a guillaume
3131	Sat Mar  4 16:13:00 2017 a guillaume
3125	Sat Mar  4 21:43:00 2017 a guillaume
3191	Sat Mar  4 18:58:00 2017 a guillaume
3147	Sat Mar  4 19:58:00 2017 a guillaume
3149	Sat Mar  4 14:58:00 2017 a guillaume
3102	Sat Mar  4 09:30:00 2017 = guillaume
3119	Sat Mar  4 21:13:00 2017 a guillaume
3128	Sat Mar  4 15:00:00 2017 a guillaume
3152	Sat Mar  4 18:30:00 2017 a guillaume
3106	Sat Mar  4 17:15:00 2017 a guillaume
3122	Sat Mar  4 18:00:00 2017 a guillaume
3184	Sat Mar  4 11:30:00 2017 a guillaume
3158	Sat Mar  4 19:45:00 2017 a guillaume
3156	Sat Mar  4 18:15:00 2017 a guillaume
3151	Sat Mar  4 18:13:00 2017 a guillaume
3140	Sat Mar  4 14:45:00 2017 a guillaume
3187	Sat Mar  4 16:28:00 2017 a guillaume
3173	Sat Mar  4 12:58:00 2017 a guillaume
3188	Sat Mar  4 16:45:00 2017 a guillaume
3145	Sat Mar  4 15:43:00 2017 a guillaume
3189	Sat Mar  4 16:43:00 2017 a guillaume
3124	Sat Mar  4 21:00:00 2017 a guillaume
3175	Sat Mar  4 20:28:00 2017 a guillaume
3138	Sat Mar  4 14:25:00 2017 a guillaume
3177	Sat Mar  4 15:13:00 2017 a guillaume
3130	Sat Mar  4 13:38:00 2017 a guillaume
3154	Sat Mar  4 16:15:00 2017 a guillaume
3132	Sat Mar  4 16:30:00 2017 a guillaume
3137	Sat Mar  4 14:08:00 2017 a guillaume
3174	Sat Mar  4 13:15:00 2017 a guillaume
3123	Sat Mar  4 20:43:00 2017 a guillaume
3150	Sat Mar  4 15:15:00 2017 a guillaume
3160	Sat Mar  4 18:15:00 2017 a guillaume
3108	Sat Mar  4 15:45:00 2017 a guillaume
3182	Sat Mar  4 16:10:00 2017 a guillaume
3169	Sat Mar  4 13:33:00 2017 a guillaume
3113	Sat Mar  4 18:43:00 2017 a guillaume
3153	Sat Mar  4 15:58:00 2017 a guillaume
3172	Sat Mar  4 17:30:00 2017 a guillaume
3162	Sat Mar  4 18:45:00 2017 a guillaume
3164	Sat Mar  4 20:00:00 2017 a guillaume
3181	Sat Mar  4 15:53:00 2017 a guillaume
3111	Sat Mar  4 14:28:00 2017 a guillaume
3148	Sat Mar  4 20:15:00 2017 a guillaume
3163	Sat Mar  4 19:43:00 2017 a guillaume
3110	Sat Mar  4 13:00:00 2017 a guillaume
3142	Sat Mar  4 12:30:00 2017 a guillaume
3190	Sat Mar  4 17:00:00 2017 a guillaume
3157	Sat Mar  4 19:28:00 2017 a guillaume
3126	Sat Mar  4 22:00:00 2017 a guillaume
3167	Sat Mar  4 16:58:00 2017 a guillaume
3170	Sat Mar  4 13:50:00 2017 a guillaume
3104	Sat Mar  4 16:45:00 2017 a guillaume
3115	Sat Mar  4 19:13:00 2017 a guillaume
3116	Sat Mar  4 19:30:00 2017 a guillaume
debut getCote 04032017 R2C1
getPage exit fine!
Update course 04032017 R2C1 ok
datejour= 04032017


*** getPage ***
0: getRapport.js
1: http://www.pmu.fr/turf/04032017/R2/C1
2: ./04032017/pages/R2C1.html
Status: success
Start check visibility 
working dir=/home/guillaume/Codiad/workspace/scrapping/moteur
jquery injected 
 elem ok [object Object]
getPage 
outout=./04032017/data/R2C1.json
Update course 04032017 R2C1 pour rapport done 1
debut getCote 04032017 R2C2
getPage exit fine!
Update course 04032017 R2C2 ok
datejour= 04032017


*** getPage ***
0: getRapport.js
1: http://www.pmu.fr/turf/04032017/R2/C2
2: ./04032017/pages/R2C2.html
Status: success
Start check visibility 
working dir=/home/guillaume/Codiad/workspace/scrapping/moteur
jquery injected 
 elem ok [object Object]
getPage 
outout=./04032017/data/R2C2.json
Update course 04032017 R2C2 pour rapport done 1
debut getCote 04032017 R2C3
getPage exit fine!
Update course 04032017 R2C3 ok
datejour= 04032017


*** getPage ***
0: getRapport.js
1: http://www.pmu.fr/turf/04032017/R2/C3
2: ./04032017/pages/R2C3.html
Status: success
Start check visibility 
working dir=/home/guillaume/Codiad/workspace/scrapping/moteur
jquery injected 
 elem ok [object Object]
getPage 
outout=./04032017/data/R2C3.json
Update course 04032017 R2C3 pour rapport done 1
debut getCote 04032017 R2C4
getPage exit fine!
Update course 04032017 R2C4 ok
debut getCote 04032017 R3C1
getPage exit fine!
Update course 04032017 R3C1 ok
datejour= 04032017


*** getPage ***
0: getRapport.js
1: http://www.pmu.fr/turf/04032017/R2/C4
2: ./04032017/pages/R2C4.html
Status: success
Start check visibility 
working dir=/home/guillaume/Codiad/workspace/scrapping/moteur
jquery injected 
 elem ok [object Object]
getPage 
outout=./04032017/data/R2C4.json
Update course 04032017 R2C4 pour rapport done 1
debut getCote 04032017 R2C5
getPage exit fine!
Update course 04032017 R2C5 ok
datejour= 04032017


*** getPage ***
0: getRapport.js
1: http://www.pmu.fr/turf/04032017/R3/C1
2: ./04032017/pages/R3C1.html
Status: success
Start check visibility 
working dir=/home/guillaume/Codiad/workspace/scrapping/moteur
jquery injected 
 elem ok [object Object]
getPage 
outout=./04032017/data/R3C1.json
Update course 04032017 R3C1 pour rapport done 1
debut getCote 04032017 R1C1
getPage exit fine!
Update course 04032017 R1C1 ok
datejour= 04032017


*** getPage ***
0: getRapport.js
1: http://www.pmu.fr/turf/04032017/R2/C5
2: ./04032017/pages/R2C5.html
Status: success
Start check visibility 
working dir=/home/guillaume/Codiad/workspace/scrapping/moteur
jquery injected 
 elem ok [object Object]
getPage 
outout=./04032017/data/R2C5.json
Update course 04032017 R2C5 pour rapport done 1
debut getCote 04032017 R3C2
getPage exit fine!
Update course 04032017 R3C2 ok
datejour= 04032017


*** getPage ***
0: getRapport.js
1: http://www.pmu.fr/turf/04032017/R1/C1
2: ./04032017/pages/R1C1.html
Status: success
Start check visibility 
working dir=/home/guillaume/Codiad/workspace/scrapping/moteur
jquery injected 
 elem ok [object Object]
getPage 
outout=./04032017/data/R1C1.json
Update course 04032017 R1C1 pour rapport done 1
datejour= 04032017


*** getPage ***
0: getRapport.js
1: http://www.pmu.fr/turf/04032017/R3/C2
2: ./04032017/pages/R3C2.html
Status: success
Start check visibility 
working dir=/home/guillaume/Codiad/workspace/scrapping/moteur
jquery injected 
 elem ok [object Object]
getPage 
outout=./04032017/data/R3C2.json
Update course 04032017 R3C2 pour rapport done 1
debut getCote 04032017 R1C2
getPage exit fine!
Update course 04032017 R1C2 ok
debut getCote 04032017 R3C3
getPage exit fine!
Update course 04032017 R3C3 ok
datejour= 04032017


*** getPage ***
0: getRapport.js
1: http://www.pmu.fr/turf/04032017/R1/C2
2: ./04032017/pages/R1C2.html
Status: success
Start check visibility 
working dir=/home/guillaume/Codiad/workspace/scrapping/moteur
jquery injected 
 elem ok [object Object]
getPage 
outout=./04032017/data/R1C2.json
Update course 04032017 R1C2 pour rapport done 1
datejour= 04032017


*** getPage ***
0: getRapport.js
1: http://www.pmu.fr/turf/04032017/R3/C3
2: ./04032017/pages/R3C3.html
Status: success
Start check visibility 
working dir=/home/guillaume/Codiad/workspace/scrapping/moteur
jquery injected 
 elem ok [object Object]
getPage 
outout=./04032017/data/R3C3.json
Update course 04032017 R3C3 pour rapport done 1
debut getCote 04032017 R1C3
debut getCote 04032017 R6C1
getPage exit fine!
getPage exit fine!
Update course 04032017 R6C1 ok
Update course 04032017 R1C3 ok
debut getCote 04032017 R3C4
getPage exit fine!
Update course 04032017 R3C4 ok
datejour= 04032017
datejour= 04032017


*** getPage ***
0: getRapport.js
1: http://www.pmu.fr/turf/04032017/R6/C1
2: ./04032017/pages/R6C1.html


*** getPage ***
0: getRapport.js
1: http://www.pmu.fr/turf/04032017/R1/C3
2: ./04032017/pages/R1C3.html
Status: success
Status: success
Start check visibility 
working dir=/home/guillaume/Codiad/workspace/scrapping/moteur
jquery injected 
 elem ok [object Object]
getPage 
Start check visibility 
working dir=/home/guillaume/Codiad/workspace/scrapping/moteur
jquery injected 
 elem ok [object Object]
getPage 
outout=./04032017/data/R1C3.json
outout=./04032017/data/R6C1.json
Update course 04032017 R1C3 pour rapport done 1
Update course 04032017 R6C1 pour rapport done 1
debut getCote 04032017 R6C2
getPage exit fine!
datejour= 04032017


*** getPage ***
0: getRapport.js
1: http://www.pmu.fr/turf/04032017/R3/C4
2: ./04032017/pages/R3C4.html
Status: success
Start check visibility 
working dir=/home/guillaume/Codiad/workspace/scrapping/moteur
jquery injected 
 elem ok [object Object]
getPage 
outout=./04032017/data/R3C4.json
debut getCote 04032017 R1C4
getPage exit fine!
datejour= 04032017


*** getPage ***
0: getRapport.js
1: http://www.pmu.fr/turf/04032017/R6/C2
2: ./04032017/pages/R6C2.html
Status: success
Start check visibility 
working dir=/home/guillaume/Codiad/workspace/scrapping/moteur
jquery injected 
 elem ok [object Object]
getPage 
outout=./04032017/data/R6C2.json
debut getCote 04032017 R3C5
getPage exit fine!
debut getCote 04032017 R6C3
getPage exit fine!
Update course 04032017 R6C3 ok
datejour= 04032017


*** getPage ***
0: getRapport.js
1: http://www.pmu.fr/turf/04032017/R1/C4
2: ./04032017/pages/R1C4.html
Status: success
Start check visibility 
working dir=/home/guillaume/Codiad/workspace/scrapping/moteur
jquery injected 
 elem ok [object Object]
getPage 
outout=./04032017/data/R1C4.json
Update course 04032017 R1C4 pour rapport done 1
datejour= 04032017


*** getPage ***
0: getRapport.js
1: http://www.pmu.fr/turf/04032017/R3/C5
2: ./04032017/pages/R3C5.html
Status: success
Start check visibility 
working dir=/home/guillaume/Codiad/workspace/scrapping/moteur
jquery injected 
 elem ok [object Object]
getPage 
outout=./04032017/data/R3C5.json
Update course 04032017 R3C5 pour rapport done 1
debut getCote 04032017 R1C5
getPage exit fine!
Update course 04032017 R1C5 ok
datejour= 04032017


*** getPage ***
0: getRapport.js
1: http://www.pmu.fr/turf/04032017/R6/C3
2: ./04032017/pages/R6C3.html
Status: success
Start check visibility 
working dir=/home/guillaume/Codiad/workspace/scrapping/moteur
jquery injected 
 elem ok [object Object]
getPage 
outout=./04032017/data/R6C3.json
Update course 04032017 R6C3 pour rapport done 1
debut getCote 04032017 R3C6
getPage exit fine!
Update course 04032017 R3C6 ok
debut getCote 04032017 R6C4
getPage exit fine!
Update course 04032017 R6C4 ok
datejour= 04032017


*** getPage ***
0: getRapport.js
1: http://www.pmu.fr/turf/04032017/R1/C5
2: ./04032017/pages/R1C5.html
Status: success
Start check visibility 
working dir=/home/guillaume/Codiad/workspace/scrapping/moteur
jquery injected 
 elem ok [object Object]
getPage 
outout=./04032017/data/R1C5.json
Update course 04032017 R1C5 pour rapport done 1
datejour= 04032017


*** getPage ***
0: getRapport.js
1: http://www.pmu.fr/turf/04032017/R3/C6
2: ./04032017/pages/R3C6.html
Status: success
Start check visibility 
working dir=/home/guillaume/Codiad/workspace/scrapping/moteur
jquery injected 
 elem ok [object Object]
getPage 
outout=./04032017/data/R3C6.json
Update course 04032017 R3C6 pour rapport done 1
debut getCote 04032017 R1C6
getPage exit fine!
Update course 04032017 R1C6 ok
datejour= 04032017


*** getPage ***
0: getRapport.js
1: http://www.pmu.fr/turf/04032017/R6/C4
2: ./04032017/pages/R6C4.html
Status: success
Start check visibility 
working dir=/home/guillaume/Codiad/workspace/scrapping/moteur
jquery injected 
 elem ok [object Object]
getPage 
outout=./04032017/data/R6C4.json
Update course 04032017 R6C4 pour rapport done 1
